<?xml version="1.0" encoding="UTF-8"?>
<testng-results skipped="0" failed="0" ignored="0" total="2" passed="2">
  <reporter-output>
  </reporter-output>
  <suite name="Command line suite" duration-ms="5761" started-at="2019-07-05T01:11:06Z" finished-at="2019-07-05T01:11:12Z">
    <groups>
    </groups>
    <test name="Command line test" duration-ms="5761" started-at="2019-07-05T01:11:06Z" finished-at="2019-07-05T01:11:12Z">
      <class name="API_Batch10.PostStudentTest">
        <test-method status="PASS" signature="setUp()[pri:0, instance:API_Batch10.PostStudentTest@388ab5f1]" name="setUp" is-config="true" duration-ms="11" started-at="2019-07-05T01:11:06Z" finished-at="2019-07-05T01:11:06Z">
          <reporter-output>
          </reporter-output>
        </test-method> <!-- setUp -->
        <test-method status="PASS" signature="postStudent()[pri:0, instance:API_Batch10.PostStudentTest@388ab5f1]" name="postStudent" duration-ms="4731" started-at="2019-07-05T01:11:06Z" finished-at="2019-07-05T01:11:11Z">
          <reporter-output>
          </reporter-output>
        </test-method> <!-- postStudent -->
        <test-method status="PASS" signature="verifyStudent()[pri:1, instance:API_Batch10.PostStudentTest@388ab5f1]" name="verifyStudent" duration-ms="999" started-at="2019-07-05T01:11:11Z" finished-at="2019-07-05T01:11:12Z">
          <reporter-output>
          </reporter-output>
        </test-method> <!-- verifyStudent -->
      </class> <!-- API_Batch10.PostStudentTest -->
    </test> <!-- Command line test -->
  </suite> <!-- Command line suite -->
</testng-results>
