<?xml version="1.0" encoding="UTF-8"?>
<testng-results skipped="0" failed="0" ignored="0" total="1" passed="1">
  <reporter-output>
  </reporter-output>
  <suite name="Default suite" duration-ms="4029" started-at="2019-07-05T01:10:00Z" finished-at="2019-07-05T01:10:04Z">
    <groups>
    </groups>
    <test name="Default test" duration-ms="4029" started-at="2019-07-05T01:10:00Z" finished-at="2019-07-05T01:10:04Z">
      <class name="API_Batch10.AccessTokenDemo">
        <test-method status="PASS" signature="setUp()[pri:0, instance:API_Batch10.AccessTokenDemo@7cd62f43]" name="setUp" is-config="true" duration-ms="462" started-at="2019-07-05T01:10:00Z" finished-at="2019-07-05T01:10:01Z">
          <reporter-output>
          </reporter-output>
        </test-method> <!-- setUp -->
        <test-method status="PASS" signature="getTokenTest()[pri:0, instance:API_Batch10.AccessTokenDemo@7cd62f43]" name="getTokenTest" duration-ms="3542" started-at="2019-07-05T01:10:01Z" finished-at="2019-07-05T01:10:04Z">
          <reporter-output>
          </reporter-output>
        </test-method> <!-- getTokenTest -->
      </class> <!-- API_Batch10.AccessTokenDemo -->
    </test> <!-- Default test -->
  </suite> <!-- Default suite -->
</testng-results>
